<?xml version="1.0" encoding="UTF-8"?>
<!-- Generated by org.testng.reporters.JUnitXMLReporter -->
<testsuite hostname="PBLAP899" ignored="0" name="Command line test" tests="3" failures="0" timestamp="23 Feb 2021 06:41:37 GMT" time="0.048" errors="0">
  <testcase name="c" time="0.007" classname="qaMavenJava.MavenJava.AppiumTest"/>
  <testcase name="a" time="0.001" classname="qaMavenJava.MavenJava.SeleniumTest"/>
  <testcase name="b" time="0.001" classname="qaMavenJava.MavenJava.SeleniumTest"/>
</testsuite> <!-- Command line test -->
